<?xml version="1.0" encoding="UTF-8"?>
<testng-results skipped="0" failed="0" ignored="0" total="1" passed="1">
  <reporter-output>
  </reporter-output>
  <suite name="Default suite" duration-ms="4799" started-at="2020-11-21T16:38:42 UTC" finished-at="2020-11-21T16:38:47 UTC">
    <groups>
    </groups>
    <test name="Default test" duration-ms="4799" started-at="2020-11-21T16:38:42 UTC" finished-at="2020-11-21T16:38:47 UTC">
      <class name="logintest">
        <test-method status="PASS" signature="fetchdata()[pri:0, instance:logintest@4bbfb90a]" name="fetchdata" is-config="true" duration-ms="405" started-at="2020-11-21T16:38:42 UTC" finished-at="2020-11-21T16:38:42 UTC">
          <reporter-output>
          </reporter-output>
        </test-method> <!-- fetchdata -->
        <test-method status="PASS" signature="setup()[pri:0, instance:logintest@4bbfb90a]" name="setup" is-config="true" duration-ms="2940" started-at="2020-11-21T16:38:42 UTC" finished-at="2020-11-21T16:38:45 UTC">
          <reporter-output>
          </reporter-output>
        </test-method> <!-- setup -->
        <test-method status="PASS" signature="login()[pri:0, instance:logintest@4bbfb90a]" name="login" duration-ms="1426" started-at="2020-11-21T16:38:45 UTC" finished-at="2020-11-21T16:38:47 UTC">
          <reporter-output>
          </reporter-output>
        </test-method> <!-- login -->
      </class> <!-- logintest -->
    </test> <!-- Default test -->
  </suite> <!-- Default suite -->
</testng-results>
